            --------------------------------------------------------
                             AMBER SQM VERSION 17
 
                                     By
              Ross C. Walker, Michael F. Crowley, Scott Brozell,
                         Tim Giese, Andreas W. Goetz,
                        Tai-Sung Lee and David A. Case
 
            --------------------------------------------------------
 

--------------------------------------------------------------------------------
  QM CALCULATION INFO
--------------------------------------------------------------------------------

| QMMM: Citation for AMBER QMMM Run:
| QMMM: R.C. Walker, M.F. Crowley and D.A. Case, J. COMP. CHEM. 29:1019, 2008

QMMM: SINGLET STATE CALCULATION
QMMM: RHF CALCULATION, NO. OF DOUBLY OCCUPIED LEVELS =  4

| QMMM: *** Selected Hamiltonian *** 
| QMMM: AM1         

| QMMM: *** Parameter sets in use ***
| QMMM: N : M.J.S.DEWAR et al. JACS, 107, 3902, (1985)
| QMMM: H : M.J.S.DEWAR et al. JACS, 107, 3902, (1985)

| QMMM: *** SCF convergence criteria ***
| QMMM: Energy change                :  0.1D-09 kcal/mol
| QMMM: Error matrix |FP-PF|         :  0.1D+00 au
| QMMM: Density matrix change        :  0.5D-06
| QMMM: Maximum number of SCF cycles :     1000

| QMMM: *** Diagonalization Routine Information ***
| QMMM: Pseudo diagonalizations are allowed.
| QMMM: Auto diagonalization routine selection is in use.
| QMMM:
| QMMM: Timing diagonalization routines:
| QMMM:                              norbs =        8
| QMMM:    diag iterations used for timing =       20
| QMMM:
| QMMM:              Internal diag routine = 0.003843 seconds
| QMMM:                 Dspev diag routine = 0.004408 seconds
| QMMM:                Dspevd diag routine = 0.000453 seconds
| QMMM:                Dspevx diag routine = 0.003784 seconds
| QMMM:                 Dsyev diag routine = 0.000471 seconds
| QMMM:                Dsyevd diag routine = 0.000479 seconds
| QMMM:                Dsyevr diag routine = 0.003126 seconds
| QMMM:
| QMMM:                Pseudo diag routine = 0.000055 seconds
| QMMM:
| QMMM: Using dspevd routine (diag_routine=3).

  QMMM: QM Region Cartesian Coordinates (*=link atom) 
  QMMM: QM_NO.   MM_NO.  ATOM         X         Y         Z
  QMMM:     1        1      N        0.0000    0.0000    0.0000
  QMMM:     2        2      H        1.0000    0.0000    0.0000
  QMMM:     3        3      H       -0.3340    0.0000    0.9430
  QMMM:     4        4      H       -0.3330    0.8160   -0.4710
  QMMM:     5        5      H       -0.3330   -0.8160   -0.4710

--------------------------------------------------------------------------------
  RESULTS
--------------------------------------------------------------------------------

  ... geometry converged !
 
 Final MO eigenvalues (eV):
 -43.1920  -24.7767  -24.7767  -24.7767   -4.8065   -2.7178   -2.7178   -2.7178


 Heat of formation   =        150.56724328 kcal/mol  (        6.52908561 eV)

 Total SCF energy    =      -5889.81773023 kcal/mol  (     -255.40166212 eV)
 Electronic energy   =     -11840.42440939 kcal/mol  (     -513.43933088 eV)
 Core-core repulsion =       5950.60667916 kcal/mol  (      258.03766876 eV)
 
    Atomic Charges for Step       1 :
  Atom    Element       Mulliken Charge
     1      N                 -0.094
     2      H                  0.274
     3      H                  0.274
     4      H                  0.274
     5      H                  0.274
 Total Mulliken Charge =       1.000
 
                  X        Y        Z     TOTAL  
  QM DIPOLE     0.000    0.000    0.001    0.001
 
 Final Structure

  QMMM: QM Region Cartesian Coordinates (*=link atom) 
  QMMM: QM_NO.   MM_NO.  ATOM         X         Y         Z
  QMMM:     1        1      N        0.0000   -0.0000    0.0002
  QMMM:     2        2      H        1.0253   -0.0000    0.0010
  QMMM:     3        3      H       -0.3426    0.0000    0.9666
  QMMM:     4        4      H       -0.3414    0.8372   -0.4834
  QMMM:     5        5      H       -0.3414   -0.8372   -0.4834

           --------- Calculation Completed ----------

