            --------------------------------------------------------
                             AMBER SQM VERSION 17
 
                                     By
              Ross C. Walker, Michael F. Crowley, Scott Brozell,
                         Tim Giese, Andreas W. Goetz,
                        Tai-Sung Lee and David A. Case
 
            --------------------------------------------------------
 

--------------------------------------------------------------------------------
  QM CALCULATION INFO
--------------------------------------------------------------------------------

| QMMM: Citation for AMBER QMMM Run:
| QMMM: R.C. Walker, M.F. Crowley and D.A. Case, J. COMP. CHEM. 29:1019, 2008

QMMM: SINGLET STATE CALCULATION
QMMM: RHF CALCULATION, NO. OF DOUBLY OCCUPIED LEVELS = 37

| QMMM: *** Selected Hamiltonian *** 
| QMMM: AM1         

| QMMM: *** Parameter sets in use ***
| QMMM: C : M.J.S.DEWAR et al. JACS, 107, 3902, (1985)
| QMMM: O : M.J.S.DEWAR et al. JACS, 107, 3902, (1985)
| QMMM: H : M.J.S.DEWAR et al. JACS, 107, 3902, (1985)

| QMMM: *** SCF convergence criteria ***
| QMMM: Energy change                :  0.1D-09 kcal/mol
| QMMM: Error matrix |FP-PF|         :  0.1D+00 au
| QMMM: Density matrix change        :  0.5D-06
| QMMM: Maximum number of SCF cycles :     1000

| QMMM: *** Diagonalization Routine Information ***
| QMMM: Pseudo diagonalizations are allowed.
| QMMM: Auto diagonalization routine selection is in use.
| QMMM:
| QMMM: Timing diagonalization routines:
| QMMM:                              norbs =       58
| QMMM:    diag iterations used for timing =       15
| QMMM:
| QMMM:              Internal diag routine = 0.016360 seconds
| QMMM:                 Dspev diag routine = 0.020045 seconds
| QMMM:                Dspevd diag routine = 0.010880 seconds
| QMMM:                Dspevx diag routine = 0.036373 seconds
| QMMM:                 Dsyev diag routine = 0.011267 seconds
| QMMM:                Dsyevd diag routine = 0.009885 seconds
| QMMM:                Dsyevr diag routine = 0.010751 seconds
| QMMM:
| QMMM:                Pseudo diag routine = 0.002959 seconds
| QMMM:
| QMMM: Using dsyevd routine (diag_routine=6).

  QMMM: QM Region Cartesian Coordinates (*=link atom) 
  QMMM: QM_NO.   MM_NO.  ATOM         X         Y         Z
  QMMM:     1        1      C        0.5000    0.6600    2.3370
  QMMM:     2        2      C       -0.3530   -2.2530   -1.0760
  QMMM:     3        3      C        0.3160    1.5600   -0.6710
  QMMM:     4        4      C        0.5930   -0.2320    1.0880
  QMMM:     5        5      C        0.0600   -0.7980   -1.3370
  QMMM:     6        6      C       -0.1650    0.1930   -0.1810
  QMMM:     7        7      O        1.0730    0.2370    3.3770
  QMMM:     8        8      O       -1.5840   -2.4180   -0.8430
  QMMM:     9        9      O       -0.1440    1.7340    2.1570
  QMMM:    10       10      O        0.5790   -3.1030   -1.1060
  QMMM:    11       11      O       -0.4030    2.5460   -0.7830
  QMMM:    12       12      O        1.6470    1.5900   -0.9390
  QMMM:    13       13      O       -1.5590    0.2470    0.0920
  QMMM:    14       14      H        1.6600   -0.3420    0.8510
  QMMM:    15       15      H        0.2300   -1.2150    1.4180
  QMMM:    16       16      H       -0.5120   -0.4750   -2.2170
  QMMM:    17       17      H        1.1180   -0.7840   -1.6340
  QMMM:    18       18      H        1.9830    2.4650   -1.2280
  QMMM:    19       19      H       -1.8190   -0.6360    0.3990

--------------------------------------------------------------------------------
  RESULTS
--------------------------------------------------------------------------------

      iter         sqm energy              rms gradient
      ----    -------------------    -----------------------
xmin    10     -316.1919 kcal/mol        3.5157 kcal/(mol*A)
xmin    20     -319.1685 kcal/mol        2.3089 kcal/(mol*A)
xmin    30     -319.8389 kcal/mol        0.5028 kcal/(mol*A)
xmin    40     -319.9230 kcal/mol        0.3589 kcal/(mol*A)
xmin    50     -319.9338 kcal/mol        0.0633 kcal/(mol*A)
xmin    60     -319.9349 kcal/mol        0.0200 kcal/(mol*A)
xmin    70     -319.9350 kcal/mol        0.0309 kcal/(mol*A)
xmin    80     -319.9351 kcal/mol        0.0183 kcal/(mol*A)
xmin    90     -319.9352 kcal/mol        0.0116 kcal/(mol*A)
xmin   100     -319.9353 kcal/mol        0.0039 kcal/(mol*A)
  ... geometry converged !
 
 Final MO eigenvalues (eV):
 -33.8308  -31.7027  -30.3343  -29.8826  -29.1943  -26.5542  -26.4346  -25.4543
 -21.6544  -18.5820  -14.6351  -12.9726  -12.8414  -11.5356  -10.3180  -10.0142
  -9.4421   -8.8322   -8.6044   -7.9501   -7.8515   -7.5693   -7.3525   -6.9921
  -6.6525   -6.1927   -5.4269   -5.2362   -5.0087   -4.4428   -4.0434   -2.7397
  -2.6115   -2.4644   -2.3594   -2.1294   -2.0242    8.2146    9.3687   10.0255
  10.1599   10.5541   10.6964   11.1217   11.2368   11.4619   11.6444   11.6792
  11.7459   11.9273   11.9660   12.5149   13.3437   13.7551   14.9324   15.0450
  15.6693   15.7757

 Heat of formation   =       -319.93529678 kcal/mol  (      -13.87343553 eV)

 Total SCF energy    =     -71395.47368270 kcal/mol  (    -3095.94005822 eV)
 Electronic energy   =    -328009.31379366 kcal/mol  (   -14223.55118137 eV)
 Core-core repulsion =     256613.84011096 kcal/mol  (    11127.61112315 eV)
 
    Atomic Charges for Step       1 :
  Atom    Element       Mulliken Charge
     1      C                  0.333
     2      C                  0.331
     3      C                  0.380
     4      C                 -0.225
     5      C                 -0.241
     6      C                  0.132
     7      O                 -0.594
     8      O                 -0.605
     9      O                 -0.606
    10      O                 -0.597
    11      O                 -0.411
    12      O                 -0.358
    13      O                 -0.358
    14      H                  0.087
    15      H                  0.094
    16      H                  0.065
    17      H                  0.093
    18      H                  0.237
    19      H                  0.242
 Total Mulliken Charge =      -2.000
 
                  X        Y        Z     TOTAL  
  QM DIPOLE    -0.813    3.468   -4.601    5.819
 
 Final Structure

  QMMM: QM Region Cartesian Coordinates (*=link atom) 
  QMMM: QM_NO.   MM_NO.  ATOM         X         Y         Z
  QMMM:     1        1      C        0.8460    0.8909    2.0686
  QMMM:     2        2      C       -0.2199   -2.3054   -1.1738
  QMMM:     3        3      C        0.0844    1.5236   -0.5246
  QMMM:     4        4      C        0.4158   -0.2776    1.1784
  QMMM:     5        5      C        0.1722   -0.8291   -1.2912
  QMMM:     6        6      C       -0.2673    0.0906   -0.1444
  QMMM:     7        7      O        1.0385    0.6636    3.3000
  QMMM:     8        8      O       -1.3216   -2.6332   -0.6341
  QMMM:     9        9      O        1.0411    2.0410    1.5592
  QMMM:    10       10      O        0.5616   -3.1623   -1.6853
  QMMM:    11       11      O       -0.6467    2.5087   -0.6735
  QMMM:    12       12      O        1.4033    1.7061   -0.8803
  QMMM:    13       13      O       -1.6852    0.0707    0.0019
  QMMM:    14       14      H        1.3409   -0.8682    0.9537
  QMMM:    15       15      H       -0.2784   -0.9357    1.7605
  QMMM:    16       16      H       -0.2925   -0.4516   -2.2390
  QMMM:    17       17      H        1.2842   -0.7562   -1.3959
  QMMM:    18       18      H        1.6769    2.5678   -0.5338
  QMMM:    19       19      H       -1.9333   -0.8676    0.0577

           --------- Calculation Completed ----------

