            --------------------------------------------------------
                             AMBER SQM VERSION 17
 
                                     By
              Ross C. Walker, Michael F. Crowley, Scott Brozell,
                         Tim Giese, Andreas W. Goetz,
                        Tai-Sung Lee and David A. Case
 
            --------------------------------------------------------
 

--------------------------------------------------------------------------------
  QM CALCULATION INFO
--------------------------------------------------------------------------------

| QMMM: Citation for AMBER QMMM Run:
| QMMM: R.C. Walker, M.F. Crowley and D.A. Case, J. COMP. CHEM. 29:1019, 2008

QMMM: SINGLET STATE CALCULATION
QMMM: RHF CALCULATION, NO. OF DOUBLY OCCUPIED LEVELS = 16

| QMMM: *** Selected Hamiltonian *** 
| QMMM: AM1         

| QMMM: *** Parameter sets in use ***
| QMMM: O : M.J.S.DEWAR et al. JACS, 107, 3902, (1985)
| QMMM: S : M.J.S.DEWAR et al. INORG. CHEM., 29, 3881, (1990)

| QMMM: *** SCF convergence criteria ***
| QMMM: Energy change                :  0.1D-09 kcal/mol
| QMMM: Error matrix |FP-PF|         :  0.1D+00 au
| QMMM: Density matrix change        :  0.5D-06
| QMMM: Maximum number of SCF cycles :     1000

| QMMM: *** Diagonalization Routine Information ***
| QMMM: Pseudo diagonalizations are allowed.
| QMMM: Auto diagonalization routine selection is in use.
| QMMM:
| QMMM: Timing diagonalization routines:
| QMMM:                              norbs =       20
| QMMM:    diag iterations used for timing =       20
| QMMM:
| QMMM:              Internal diag routine = 0.005094 seconds
| QMMM:                 Dspev diag routine = 0.005645 seconds
| QMMM:                Dspevd diag routine = 0.002872 seconds
| QMMM:                Dspevx diag routine = 0.010848 seconds
| QMMM:                 Dsyev diag routine = 0.002812 seconds
| QMMM:                Dsyevd diag routine = 0.002364 seconds
| QMMM:                Dsyevr diag routine = 0.002102 seconds
| QMMM:
| QMMM:                Pseudo diag routine = 0.000185 seconds
| QMMM:
| QMMM: Using dsyevr routine (diag_routine=7).

  QMMM: QM Region Cartesian Coordinates (*=link atom) 
  QMMM: QM_NO.   MM_NO.  ATOM         X         Y         Z
  QMMM:     1        1      O        0.2920    1.2470   -0.7300
  QMMM:     2        2      O        1.2390   -0.7840    0.1480
  QMMM:     3        3      O       -0.9940   -0.7880   -0.7520
  QMMM:     4        4      O       -0.5380    0.3260    1.3340
  QMMM:     5        5      S       -0.0000    0.0000    0.0000

--------------------------------------------------------------------------------
  RESULTS
--------------------------------------------------------------------------------

  ... geometry converged !
 
 Final MO eigenvalues (eV):
 -24.3217  -24.3217  -24.3217  -23.8880   -8.3218   -5.5279   -5.5279   -5.5279
  -0.9590   -0.9590   -0.5915   -0.5915   -0.5915   -0.4185   -0.4185   -0.4185
  13.6448   16.4017   16.4017   16.4017

 Heat of formation   =       -132.89385201 kcal/mol  (       -5.76270986 eV)

 Total SCF energy    =     -34017.35007766 kcal/mol  (    -1475.10299110 eV)
 Electronic energy   =     -89167.86313824 kcal/mol  (    -3866.60869599 eV)
 Core-core repulsion =      55150.51306057 kcal/mol  (     2391.50570489 eV)
 
    Atomic Charges for Step       1 :
  Atom    Element       Mulliken Charge
     1      O                 -1.208
     2      O                 -1.208
     3      O                 -1.208
     4      O                 -1.208
     5      S                  2.834
 Total Mulliken Charge =      -2.000
 
                  X        Y        Z     TOTAL  
  QM DIPOLE     0.002   -0.002    0.000    0.003
 
 Final Structure

  QMMM: QM Region Cartesian Coordinates (*=link atom) 
  QMMM: QM_NO.   MM_NO.  ATOM         X         Y         Z
  QMMM:     1        1      O        0.2896    1.2381   -0.7246
  QMMM:     2        2      O        1.2300   -0.7786    0.1468
  QMMM:     3        3      O       -0.9866   -0.7821   -0.7459
  QMMM:     4        4      O       -0.5338    0.3233    1.3237
  QMMM:     5        5      S       -0.0002    0.0002    0.0000

           --------- Calculation Completed ----------

